{"id":{"0":3836156},"reasons":{"0":"() ******** Traceback (most recent call last):\n  File \"sendoffer.py\", line 150, in test_send_offer\n    driver.find_element_by_xpath(\"(\/\/button[@type='submit'])[4]\").click()\n  File \"C:\\Anaconda2\\lib\\site-packages\\selenium\\webdriver\\remote\\webdriver.py\", line 258, in find_element_by_xpath\n    return self.find_element(by=By.XPATH, value=xpath)\n  File \"C:\\Anaconda2\\lib\\site-packages\\selenium\\webdriver\\remote\\webdriver.py\", line 712, in find_element\n    {'using': by, 'value': value})['value']\n  File \"C:\\Anaconda2\\lib\\site-packages\\selenium\\webdriver\\remote\\webdriver.py\", line 201, in execute\n    self.error_handler.check_response(response)\n  File \"C:\\Anaconda2\\lib\\site-packages\\selenium\\webdriver\\remote\\errorhandler.py\", line 188, in check_response\n    raise exception_class(message, screen, stacktrace)\nNoSuchElementException: Message: \n\n"},"successfuls":{"0":false}}